EDA Netlist Writer report for heat_equation
Wed Feb 07 10:51:01 2018
Quartus Prime Version 17.0.2 Build 602 07/19/2017 SJ Lite Edition


---------------------
; Table of Contents ;
---------------------
  1. Legal Notice
  2. EDA Netlist Writer Summary
  3. EDA Netlist Writer Messages



----------------
; Legal Notice ;
----------------
Copyright (C) 2017  Intel Corporation. All rights reserved.
Your use of Intel Corporation's design tools, logic functions 
and other software and tools, and its AMPP partner logic 
functions, and any output files from any of the foregoing 
(including device programming or simulation files), and any 
associated documentation or information are expressly subject 
to the terms and conditions of the Intel Program License 
Subscription Agreement, the Intel Quartus Prime License Agreement,
the Intel MegaCore Function License Agreement, or other 
applicable license agreement, including, without limitation, 
that your use is for the sole purpose of programming logic 
devices manufactured by Intel and sold by Intel or its 
authorized distributors.  Please refer to the applicable 
agreement for further details.



+---------------------------------------------------------------+
; EDA Netlist Writer Summary                                    ;
+---------------------------+-----------------------------------+
; EDA Netlist Writer Status ; Failed - Wed Feb 07 10:51:01 2018 ;
; Revision Name             ; heat_equation                     ;
; Top-level Entity Name     ; heat_equation                     ;
; Family                    ; Cyclone IV E                      ;
+---------------------------+-----------------------------------+


+-----------------------------+
; EDA Netlist Writer Messages ;
+-----------------------------+
Info: *******************************************************************
Info: Running Quartus Prime EDA Netlist Writer
    Info: Version 17.0.2 Build 602 07/19/2017 SJ Lite Edition
    Info: Processing started: Wed Feb 07 10:50:55 2018
Info: Command: quartus_eda --read_settings_files=off --write_settings_files=off heat_equation -c heat_equation
Warning (18236): Number of processors has not been specified which may cause overloading on shared machines.  Set the global assignment NUM_PARALLEL_PROCESSORS in your QSF to an appropriate value for best performance.
Error (204012): Can't generate netlist output files because the file "e:/fax/ivs/ivs_projekat/projekat_v3/db/ip/system/submodules/system_workers_cpu_3_cpu.v" is an OpenCore Plus time-limited file. Remove the unlicensed cores or obtain a license for those OpenCore Plus time-limited IP cores used in the design. The Intel FPGA Knowledge Database contains many articles with specific details on how to resolve this error. Visit the Knowledge Database at https://www.altera.com/support/support-resources/knowledge-base/search.html and search for this specific error message number.
Error (204012): Can't generate netlist output files because the file "e:/fax/ivs/ivs_projekat/projekat_v3/db/ip/system/submodules/system_workers_cpu_0_cpu.v" is an OpenCore Plus time-limited file. Remove the unlicensed cores or obtain a license for those OpenCore Plus time-limited IP cores used in the design. The Intel FPGA Knowledge Database contains many articles with specific details on how to resolve this error. Visit the Knowledge Database at https://www.altera.com/support/support-resources/knowledge-base/search.html and search for this specific error message number.
Error (204012): Can't generate netlist output files because the file "e:/fax/ivs/ivs_projekat/projekat_v3/db/ip/system/submodules/system_workers_cpu_2_cpu.v" is an OpenCore Plus time-limited file. Remove the unlicensed cores or obtain a license for those OpenCore Plus time-limited IP cores used in the design. The Intel FPGA Knowledge Database contains many articles with specific details on how to resolve this error. Visit the Knowledge Database at https://www.altera.com/support/support-resources/knowledge-base/search.html and search for this specific error message number.
Error (204012): Can't generate netlist output files because the file "e:/fax/ivs/ivs_projekat/projekat_v3/db/ip/system/submodules/system_manager_cpu.v" is an OpenCore Plus time-limited file. Remove the unlicensed cores or obtain a license for those OpenCore Plus time-limited IP cores used in the design. The Intel FPGA Knowledge Database contains many articles with specific details on how to resolve this error. Visit the Knowledge Database at https://www.altera.com/support/support-resources/knowledge-base/search.html and search for this specific error message number.
Error (204012): Can't generate netlist output files because the file "e:/fax/ivs/ivs_projekat/projekat_v3/db/ip/system/submodules/system_workers_cpu_1_cpu.v" is an OpenCore Plus time-limited file. Remove the unlicensed cores or obtain a license for those OpenCore Plus time-limited IP cores used in the design. The Intel FPGA Knowledge Database contains many articles with specific details on how to resolve this error. Visit the Knowledge Database at https://www.altera.com/support/support-resources/knowledge-base/search.html and search for this specific error message number.
Error (204009): Can't generate netlist output files because the license for encrypted file "e:/fax/ivs/ivs_projekat/projekat_v3/db/ip/system/submodules/system_workers_cpu_3_cpu.v" is not available
Error (204009): Can't generate netlist output files because the license for encrypted file "e:/fax/ivs/ivs_projekat/projekat_v3/db/ip/system/submodules/system_workers_cpu_0_cpu.v" is not available
Error (204009): Can't generate netlist output files because the license for encrypted file "e:/fax/ivs/ivs_projekat/projekat_v3/db/ip/system/submodules/system_workers_cpu_2_cpu.v" is not available
Error (204009): Can't generate netlist output files because the license for encrypted file "e:/fax/ivs/ivs_projekat/projekat_v3/db/ip/system/submodules/system_manager_cpu.v" is not available
Error (204009): Can't generate netlist output files because the license for encrypted file "e:/fax/ivs/ivs_projekat/projekat_v3/db/ip/system/submodules/system_workers_cpu_1_cpu.v" is not available
Error (204012): Can't generate netlist output files because the file "e:/fax/ivs/ivs_projekat/projekat_v3/db/ip/system/submodules/system_workers_cpu_3_cpu.v" is an OpenCore Plus time-limited file. Remove the unlicensed cores or obtain a license for those OpenCore Plus time-limited IP cores used in the design. The Intel FPGA Knowledge Database contains many articles with specific details on how to resolve this error. Visit the Knowledge Database at https://www.altera.com/support/support-resources/knowledge-base/search.html and search for this specific error message number.
Error (204012): Can't generate netlist output files because the file "e:/fax/ivs/ivs_projekat/projekat_v3/db/ip/system/submodules/system_workers_cpu_0_cpu.v" is an OpenCore Plus time-limited file. Remove the unlicensed cores or obtain a license for those OpenCore Plus time-limited IP cores used in the design. The Intel FPGA Knowledge Database contains many articles with specific details on how to resolve this error. Visit the Knowledge Database at https://www.altera.com/support/support-resources/knowledge-base/search.html and search for this specific error message number.
Error (204012): Can't generate netlist output files because the file "e:/fax/ivs/ivs_projekat/projekat_v3/db/ip/system/submodules/system_workers_cpu_2_cpu.v" is an OpenCore Plus time-limited file. Remove the unlicensed cores or obtain a license for those OpenCore Plus time-limited IP cores used in the design. The Intel FPGA Knowledge Database contains many articles with specific details on how to resolve this error. Visit the Knowledge Database at https://www.altera.com/support/support-resources/knowledge-base/search.html and search for this specific error message number.
Error (204012): Can't generate netlist output files because the file "e:/fax/ivs/ivs_projekat/projekat_v3/db/ip/system/submodules/system_manager_cpu.v" is an OpenCore Plus time-limited file. Remove the unlicensed cores or obtain a license for those OpenCore Plus time-limited IP cores used in the design. The Intel FPGA Knowledge Database contains many articles with specific details on how to resolve this error. Visit the Knowledge Database at https://www.altera.com/support/support-resources/knowledge-base/search.html and search for this specific error message number.
Error (204012): Can't generate netlist output files because the file "e:/fax/ivs/ivs_projekat/projekat_v3/db/ip/system/submodules/system_workers_cpu_1_cpu.v" is an OpenCore Plus time-limited file. Remove the unlicensed cores or obtain a license for those OpenCore Plus time-limited IP cores used in the design. The Intel FPGA Knowledge Database contains many articles with specific details on how to resolve this error. Visit the Knowledge Database at https://www.altera.com/support/support-resources/knowledge-base/search.html and search for this specific error message number.
Error (204009): Can't generate netlist output files because the license for encrypted file "e:/fax/ivs/ivs_projekat/projekat_v3/db/ip/system/submodules/system_workers_cpu_3_cpu.v" is not available
Error (204009): Can't generate netlist output files because the license for encrypted file "e:/fax/ivs/ivs_projekat/projekat_v3/db/ip/system/submodules/system_workers_cpu_0_cpu.v" is not available
Error (204009): Can't generate netlist output files because the license for encrypted file "e:/fax/ivs/ivs_projekat/projekat_v3/db/ip/system/submodules/system_workers_cpu_2_cpu.v" is not available
Error (204009): Can't generate netlist output files because the license for encrypted file "e:/fax/ivs/ivs_projekat/projekat_v3/db/ip/system/submodules/system_manager_cpu.v" is not available
Error (204009): Can't generate netlist output files because the license for encrypted file "e:/fax/ivs/ivs_projekat/projekat_v3/db/ip/system/submodules/system_workers_cpu_1_cpu.v" is not available
Error (204012): Can't generate netlist output files because the file "e:/fax/ivs/ivs_projekat/projekat_v3/db/ip/system/submodules/system_workers_cpu_3_cpu.v" is an OpenCore Plus time-limited file. Remove the unlicensed cores or obtain a license for those OpenCore Plus time-limited IP cores used in the design. The Intel FPGA Knowledge Database contains many articles with specific details on how to resolve this error. Visit the Knowledge Database at https://www.altera.com/support/support-resources/knowledge-base/search.html and search for this specific error message number.
Error (204012): Can't generate netlist output files because the file "e:/fax/ivs/ivs_projekat/projekat_v3/db/ip/system/submodules/system_workers_cpu_0_cpu.v" is an OpenCore Plus time-limited file. Remove the unlicensed cores or obtain a license for those OpenCore Plus time-limited IP cores used in the design. The Intel FPGA Knowledge Database contains many articles with specific details on how to resolve this error. Visit the Knowledge Database at https://www.altera.com/support/support-resources/knowledge-base/search.html and search for this specific error message number.
Error (204012): Can't generate netlist output files because the file "e:/fax/ivs/ivs_projekat/projekat_v3/db/ip/system/submodules/system_workers_cpu_2_cpu.v" is an OpenCore Plus time-limited file. Remove the unlicensed cores or obtain a license for those OpenCore Plus time-limited IP cores used in the design. The Intel FPGA Knowledge Database contains many articles with specific details on how to resolve this error. Visit the Knowledge Database at https://www.altera.com/support/support-resources/knowledge-base/search.html and search for this specific error message number.
Error (204012): Can't generate netlist output files because the file "e:/fax/ivs/ivs_projekat/projekat_v3/db/ip/system/submodules/system_manager_cpu.v" is an OpenCore Plus time-limited file. Remove the unlicensed cores or obtain a license for those OpenCore Plus time-limited IP cores used in the design. The Intel FPGA Knowledge Database contains many articles with specific details on how to resolve this error. Visit the Knowledge Database at https://www.altera.com/support/support-resources/knowledge-base/search.html and search for this specific error message number.
Error (204012): Can't generate netlist output files because the file "e:/fax/ivs/ivs_projekat/projekat_v3/db/ip/system/submodules/system_workers_cpu_1_cpu.v" is an OpenCore Plus time-limited file. Remove the unlicensed cores or obtain a license for those OpenCore Plus time-limited IP cores used in the design. The Intel FPGA Knowledge Database contains many articles with specific details on how to resolve this error. Visit the Knowledge Database at https://www.altera.com/support/support-resources/knowledge-base/search.html and search for this specific error message number.
Error (204009): Can't generate netlist output files because the license for encrypted file "e:/fax/ivs/ivs_projekat/projekat_v3/db/ip/system/submodules/system_workers_cpu_3_cpu.v" is not available
Error (204009): Can't generate netlist output files because the license for encrypted file "e:/fax/ivs/ivs_projekat/projekat_v3/db/ip/system/submodules/system_workers_cpu_0_cpu.v" is not available
Error (204009): Can't generate netlist output files because the license for encrypted file "e:/fax/ivs/ivs_projekat/projekat_v3/db/ip/system/submodules/system_workers_cpu_2_cpu.v" is not available
Error (204009): Can't generate netlist output files because the license for encrypted file "e:/fax/ivs/ivs_projekat/projekat_v3/db/ip/system/submodules/system_manager_cpu.v" is not available
Error (204009): Can't generate netlist output files because the license for encrypted file "e:/fax/ivs/ivs_projekat/projekat_v3/db/ip/system/submodules/system_workers_cpu_1_cpu.v" is not available
Error: Quartus Prime EDA Netlist Writer was unsuccessful. 30 errors, 1 warning
    Error: Peak virtual memory: 711 megabytes
    Error: Processing ended: Wed Feb 07 10:51:02 2018
    Error: Elapsed time: 00:00:07
    Error: Total CPU time (on all processors): 00:00:07


