Flow report for heat_equation
Wed Feb 07 10:51:01 2018
Quartus Prime Version 17.0.2 Build 602 07/19/2017 SJ Lite Edition


---------------------
; Table of Contents ;
---------------------
  1. Legal Notice
  2. Flow Summary
  3. Flow Settings
  4. Flow Non-Default Global Settings
  5. Flow Elapsed Time
  6. Flow OS Summary
  7. Flow Log
  8. Flow Messages
  9. Flow Suppressed Messages



----------------
; Legal Notice ;
----------------
Copyright (C) 2017  Intel Corporation. All rights reserved.
Your use of Intel Corporation's design tools, logic functions 
and other software and tools, and its AMPP partner logic 
functions, and any output files from any of the foregoing 
(including device programming or simulation files), and any 
associated documentation or information are expressly subject 
to the terms and conditions of the Intel Program License 
Subscription Agreement, the Intel Quartus Prime License Agreement,
the Intel MegaCore Function License Agreement, or other 
applicable license agreement, including, without limitation, 
that your use is for the sole purpose of programming logic 
devices manufactured by Intel and sold by Intel or its 
authorized distributors.  Please refer to the applicable 
agreement for further details.



+-------------------------------------------------------------------------------------------+
; Flow Summary                                                                              ;
+------------------------------------+------------------------------------------------------+
; Flow Status                        ; EDA Netlist Writer Failed - Wed Feb 07 10:51:01 2018 ;
; Quartus Prime Version              ; 17.0.2 Build 602 07/19/2017 SJ Lite Edition          ;
; Revision Name                      ; heat_equation                                        ;
; Top-level Entity Name              ; heat_equation                                        ;
; Family                             ; Cyclone IV E                                         ;
; Device                             ; EP4CE22F17C6                                         ;
; Timing Models                      ; Final                                                ;
; Total logic elements               ; 18,530 / 22,320 ( 83 % )                             ;
;     Total combinational functions  ; 16,324 / 22,320 ( 73 % )                             ;
;     Dedicated logic registers      ; 11,113 / 22,320 ( 50 % )                             ;
; Total registers                    ; 11182                                                ;
; Total pins                         ; 41 / 154 ( 27 % )                                    ;
; Total virtual pins                 ; 0                                                    ;
; Total memory bits                  ; 229,760 / 608,256 ( 38 % )                           ;
; Embedded Multiplier 9-bit elements ; 30 / 132 ( 23 % )                                    ;
; Total PLLs                         ; 1 / 4 ( 25 % )                                       ;
+------------------------------------+------------------------------------------------------+


+-----------------------------------------+
; Flow Settings                           ;
+-------------------+---------------------+
; Option            ; Setting             ;
+-------------------+---------------------+
; Start date & time ; 02/07/2018 10:36:25 ;
; Main task         ; Compilation         ;
; Revision Name     ; heat_equation       ;
+-------------------+---------------------+


+-----------------------------------------------------------------------------------------------------------------------------+
; Flow Non-Default Global Settings                                                                                            ;
+-------------------------------------+----------------------------------------+---------------+-------------+----------------+
; Assignment Name                     ; Value                                  ; Default Value ; Entity Name ; Section Id     ;
+-------------------------------------+----------------------------------------+---------------+-------------+----------------+
; COMPILER_SIGNATURE_ID               ; 180720257912090.151799618400936        ; --            ; --          ; --             ;
; EDA_OUTPUT_DATA_FORMAT              ; Vhdl                                   ; --            ; --          ; eda_simulation ;
; EDA_SIMULATION_TOOL                 ; ModelSim-Altera (VHDL)                 ; <None>        ; --          ; --             ;
; EDA_TIME_SCALE                      ; 1 ps                                   ; --            ; --          ; eda_simulation ;
; MAX_CORE_JUNCTION_TEMP              ; 85                                     ; --            ; --          ; --             ;
; MIN_CORE_JUNCTION_TEMP              ; 0                                      ; --            ; --          ; --             ;
; NOMINAL_CORE_SUPPLY_VOLTAGE         ; 1.2V                                   ; --            ; --          ; --             ;
; PARTITION_COLOR                     ; -- (Not supported for targeted family) ; --            ; --          ; Top            ;
; PARTITION_FITTER_PRESERVATION_LEVEL ; -- (Not supported for targeted family) ; --            ; --          ; Top            ;
; PARTITION_NETLIST_TYPE              ; -- (Not supported for targeted family) ; --            ; --          ; Top            ;
; POWER_BOARD_THERMAL_MODEL           ; None (CONSERVATIVE)                    ; --            ; --          ; --             ;
; POWER_PRESET_COOLING_SOLUTION       ; 23 MM HEAT SINK WITH 200 LFPM AIRFLOW  ; --            ; --          ; --             ;
; PROJECT_OUTPUT_DIRECTORY            ; output_files                           ; --            ; --          ; --             ;
+-------------------------------------+----------------------------------------+---------------+-------------+----------------+


+-------------------------------------------------------------------------------------------------------------------------------+
; Flow Elapsed Time                                                                                                             ;
+---------------------------+--------------+-------------------------+---------------------+------------------------------------+
; Module Name               ; Elapsed Time ; Average Processors Used ; Peak Virtual Memory ; Total CPU Time (on all processors) ;
+---------------------------+--------------+-------------------------+---------------------+------------------------------------+
; Analysis & Synthesis      ; 00:10:11     ; 1.0                     ; 1340 MB             ; 00:14:51                           ;
; Fitter                    ; 00:03:19     ; 1.1                     ; 1764 MB             ; 00:06:04                           ;
; Assembler                 ; 00:00:07     ; 1.0                     ; 679 MB              ; 00:00:06                           ;
; TimeQuest Timing Analyzer ; 00:00:21     ; 1.4                     ; 918 MB              ; 00:00:24                           ;
; EDA Netlist Writer        ; 00:00:06     ; 1.0                     ; 711 MB              ; 00:00:06                           ;
; Total                     ; 00:14:04     ; --                      ; --                  ; 00:21:31                           ;
+---------------------------+--------------+-------------------------+---------------------+------------------------------------+


+-----------------------------------------------------------------------------------------+
; Flow OS Summary                                                                         ;
+---------------------------+------------------+------------+------------+----------------+
; Module Name               ; Machine Hostname ; OS Name    ; OS Version ; Processor type ;
+---------------------------+------------------+------------+------------+----------------+
; Analysis & Synthesis      ; DESKTOP-SSCUJ7I  ; Windows 10 ; 10.0       ; x86_64         ;
; Fitter                    ; DESKTOP-SSCUJ7I  ; Windows 10 ; 10.0       ; x86_64         ;
; Assembler                 ; DESKTOP-SSCUJ7I  ; Windows 10 ; 10.0       ; x86_64         ;
; TimeQuest Timing Analyzer ; DESKTOP-SSCUJ7I  ; Windows 10 ; 10.0       ; x86_64         ;
; EDA Netlist Writer        ; DESKTOP-SSCUJ7I  ; Windows 10 ; 10.0       ; x86_64         ;
+---------------------------+------------------+------------+------------+----------------+


------------
; Flow Log ;
------------
quartus_map --read_settings_files=on --write_settings_files=off heat_equation -c heat_equation
quartus_fit --read_settings_files=off --write_settings_files=off heat_equation -c heat_equation
quartus_asm --read_settings_files=off --write_settings_files=off heat_equation -c heat_equation
quartus_sta heat_equation -c heat_equation
quartus_eda --read_settings_files=off --write_settings_files=off heat_equation -c heat_equation



